<?xml version="1.0" encoding="UTF-8"?>
<testsuite xmlns:xsi="http://www.w3.org/2001/XMLSchema-instance" xsi:noNamespaceSchemaLocation="https://maven.apache.org/surefire/maven-surefire-plugin/xsd/surefire-test-report.xsd" name="lab.core.SimpleMathTest" time="0.203" tests="12" errors="0" skipped="0" failures="0">
  <properties>
[...]
</properties>
  <testcase name="testShouldHaveCorrectResult{double, double, int, double}[1]" classname="lab.core.SimpleMathTest" time="0.063"/>
  <testcase name="testShouldHaveCorrectResult{double, double, int, double}[2]" classname="lab.core.SimpleMathTest" time="0.001"/>
  <testcase name="testShouldHaveCorrectResult{double, double, int, double}[3]" classname="lab.core.SimpleMathTest" time="0.001"/>
  <testcase name="testShouldHaveCorrectResult{double, double, int, double}[4]" classname="lab.core.SimpleMathTest" time="0.001"/>
  <testcase name="testShouldThrownIncorrectParamsExceptionOnMinBiggerThanMax{int, int}[1]" classname="lab.core.SimpleMathTest" time="0.003"/>
  <testcase name="testShouldThrownIncorrectParamsExceptionOnMinBiggerThanMax{int, int}[2]" classname="lab.core.SimpleMathTest" time="0.001"/>
  <testcase name="testShouldThrownIncorrectParamsExceptionOnMinBiggerThanMax{int, int}[3]" classname="lab.core.SimpleMathTest" time="0.001"/>
  <testcase name="testShouldThrownIncorrectParamsExceptionOnMinBiggerThanMax{int, int}[4]" classname="lab.core.SimpleMathTest" time="0.001"/>
  <testcase name="testShouldThrownIncorrectParamsExceptionOnZeroAsNumberOfTrapezoids{int}[1]" classname="lab.core.SimpleMathTest" time="0.002"/>
  <testcase name="testShouldThrownIncorrectParamsExceptionOnNegativeParameters{int}[1]" classname="lab.core.SimpleMathTest" time="0.001"/>
  <testcase name="testShouldThrownIncorrectParamsExceptionOnNegativeParameters{int}[2]" classname="lab.core.SimpleMathTest" time="0"/>
  <testcase name="testShouldThrownIncorrectParamsExceptionOnNegativeParameters{int}[3]" classname="lab.core.SimpleMathTest" time="0.001"/>
</testsuite>